2019-11-06 21:03:56,277 INFO Starting Nacos v1.1.0 on nacos-dev with PID 22 (/home/nacos/target/nacos-server.jar started by root in /home/nacos)

2019-11-06 21:03:56,281 INFO The following profiles are active: standalone

2019-11-06 21:03:58,723 INFO Bean 'org.springframework.security.config.annotation.configuration.ObjectPostProcessorConfiguration' of type [org.springframework.security.config.annotation.configuration.ObjectPostProcessorConfiguration$$EnhancerBySpringCGLIB$$c5c24470] is not eligible for getting processed by all BeanPostProcessors (for example: not eligible for auto-proxying)

2019-11-06 21:03:58,878 INFO Bean 'objectPostProcessor' of type [org.springframework.security.config.annotation.configuration.AutowireBeanFactoryObjectPostProcessor] is not eligible for getting processed by all BeanPostProcessors (for example: not eligible for auto-proxying)

2019-11-06 21:03:58,883 INFO Bean 'org.springframework.security.access.expression.method.DefaultMethodSecurityExpressionHandler@480d3575' of type [org.springframework.security.access.expression.method.DefaultMethodSecurityExpressionHandler] is not eligible for getting processed by all BeanPostProcessors (for example: not eligible for auto-proxying)

2019-11-06 21:03:58,887 INFO Bean 'org.springframework.security.config.annotation.method.configuration.GlobalMethodSecurityConfiguration' of type [org.springframework.security.config.annotation.method.configuration.GlobalMethodSecurityConfiguration$$EnhancerBySpringCGLIB$$ea96e722] is not eligible for getting processed by all BeanPostProcessors (for example: not eligible for auto-proxying)

2019-11-06 21:03:58,896 INFO Bean 'methodSecurityMetadataSource' of type [org.springframework.security.access.method.DelegatingMethodSecurityMetadataSource] is not eligible for getting processed by all BeanPostProcessors (for example: not eligible for auto-proxying)

2019-11-06 21:03:59,610 INFO Tomcat initialized with port(s): 8848 (http)

2019-11-06 21:03:59,647 INFO Starting service [Tomcat]

2019-11-06 21:03:59,648 INFO Starting Servlet Engine: Apache Tomcat/9.0.13

2019-11-06 21:03:59,669 INFO The APR based Apache Tomcat Native library which allows optimal performance in production environments was not found on the java.library.path: [/usr/java/packages/lib/amd64:/usr/lib64:/lib64:/lib:/usr/lib]

2019-11-06 21:03:59,812 INFO Initializing Spring embedded WebApplicationContext

2019-11-06 21:03:59,814 INFO Root WebApplicationContext: initialization completed in 3459 ms

2019-11-06 21:04:03,430 INFO Use Mysql as the driver

2019-11-06 21:04:04,014 INFO Initializing ExecutorService 'applicationTaskExecutor'

2019-11-06 21:04:04,425 INFO Adding welcome page: class path resource [static/index.html]

2019-11-06 21:04:04,936 INFO Creating filter chain: Ant [pattern='/'], []

2019-11-06 21:04:04,939 INFO Creating filter chain: Ant [pattern='/**/*.css'], []

2019-11-06 21:04:04,940 INFO Creating filter chain: Ant [pattern='/**/*.js'], []

2019-11-06 21:04:04,941 INFO Creating filter chain: Ant [pattern='/**/*.html'], []

2019-11-06 21:04:04,942 INFO Creating filter chain: Ant [pattern='/**/*.map'], []

2019-11-06 21:04:04,943 INFO Creating filter chain: Ant [pattern='/**/*.svg'], []

2019-11-06 21:04:04,943 INFO Creating filter chain: Ant [pattern='/**/*.png'], []

2019-11-06 21:04:04,944 INFO Creating filter chain: Ant [pattern='/**/*.ico'], []

2019-11-06 21:04:04,945 INFO Creating filter chain: Ant [pattern='/console-fe/public/**'], []

2019-11-06 21:04:04,945 INFO Creating filter chain: Ant [pattern='/v1/auth/login'], []

2019-11-06 21:04:04,946 INFO Creating filter chain: Ant [pattern='/v1/console/health/**'], []

2019-11-06 21:04:04,946 INFO Creating filter chain: Ant [pattern='/v1/cs/**'], []

2019-11-06 21:04:04,947 INFO Creating filter chain: Ant [pattern='/v1/ns/**'], []

2019-11-06 21:04:04,947 INFO Creating filter chain: Ant [pattern='/v1/cmdb/**'], []

2019-11-06 21:04:04,948 INFO Creating filter chain: Ant [pattern='/actuator/**'], []

2019-11-06 21:04:04,948 INFO Creating filter chain: Ant [pattern='/v1/console/server/**'], []

2019-11-06 21:04:05,004 INFO Creating filter chain: any request, [org.springframework.security.web.context.request.async.WebAsyncManagerIntegrationFilter@6f80fafe, org.springframework.security.web.context.SecurityContextPersistenceFilter@1255b1d1, org.springframework.security.web.header.HeaderWriterFilter@94f6bfb, org.springframework.security.web.authentication.logout.LogoutFilter@46e8a539, com.alibaba.nacos.console.filter.JwtAuthenticationTokenFilter@3af17be2, org.springframework.security.web.savedrequest.RequestCacheAwareFilter@7c22d4f, org.springframework.security.web.servletapi.SecurityContextHolderAwareRequestFilter@47da3952, org.springframework.security.web.authentication.AnonymousAuthenticationFilter@f9879ac, org.springframework.security.web.session.SessionManagementFilter@2484f433, org.springframework.security.web.access.ExceptionTranslationFilter@3624da92, org.springframework.security.web.access.intercept.FilterSecurityInterceptor@1568159]

2019-11-06 21:04:05,060 INFO Exposing 16 endpoint(s) beneath base path '/actuator'

2019-11-06 21:04:05,112 INFO Initializing ExecutorService 'taskScheduler'

2019-11-06 21:04:05,299 INFO Tomcat started on port(s): 8848 (http) with context path '/nacos'

2019-11-06 21:04:05,309 INFO Started Nacos in 10.948 seconds (JVM running for 12.213)

2019-11-06 21:04:05,310 INFO Nacos Log files: /home/nacos/logs/

2019-11-06 21:04:05,311 INFO Nacos Conf files: /home/nacos/conf/

2019-11-06 21:04:05,312 INFO Nacos Data files: /home/nacos/data/

2019-11-06 21:04:05,314 INFO Nacos started successfully in stand alone mode.

2019-11-06 21:04:08,316 INFO Initializing Spring DispatcherServlet 'dispatcherServlet'

2019-11-06 21:04:08,318 INFO Initializing Servlet 'dispatcherServlet'

2019-11-06 21:04:08,337 INFO Completed initialization in 19 ms

2019-11-06 21:17:21,276 INFO Starting Nacos v1.1.0 on nacos-dev with PID 22 (/home/nacos/target/nacos-server.jar started by root in /home/nacos)

2019-11-06 21:17:21,282 INFO The following profiles are active: standalone

2019-11-06 21:17:23,820 INFO Bean 'org.springframework.security.config.annotation.configuration.ObjectPostProcessorConfiguration' of type [org.springframework.security.config.annotation.configuration.ObjectPostProcessorConfiguration$$EnhancerBySpringCGLIB$$67a2cb20] is not eligible for getting processed by all BeanPostProcessors (for example: not eligible for auto-proxying)

2019-11-06 21:17:24,000 INFO Bean 'objectPostProcessor' of type [org.springframework.security.config.annotation.configuration.AutowireBeanFactoryObjectPostProcessor] is not eligible for getting processed by all BeanPostProcessors (for example: not eligible for auto-proxying)

2019-11-06 21:17:24,006 INFO Bean 'org.springframework.security.access.expression.method.DefaultMethodSecurityExpressionHandler@6f01b95f' of type [org.springframework.security.access.expression.method.DefaultMethodSecurityExpressionHandler] is not eligible for getting processed by all BeanPostProcessors (for example: not eligible for auto-proxying)

2019-11-06 21:17:24,010 INFO Bean 'org.springframework.security.config.annotation.method.configuration.GlobalMethodSecurityConfiguration' of type [org.springframework.security.config.annotation.method.configuration.GlobalMethodSecurityConfiguration$$EnhancerBySpringCGLIB$$8c776dd2] is not eligible for getting processed by all BeanPostProcessors (for example: not eligible for auto-proxying)

2019-11-06 21:17:24,018 INFO Bean 'methodSecurityMetadataSource' of type [org.springframework.security.access.method.DelegatingMethodSecurityMetadataSource] is not eligible for getting processed by all BeanPostProcessors (for example: not eligible for auto-proxying)

2019-11-06 21:17:24,827 INFO Tomcat initialized with port(s): 8848 (http)

2019-11-06 21:17:24,881 INFO Starting service [Tomcat]

2019-11-06 21:17:24,881 INFO Starting Servlet Engine: Apache Tomcat/9.0.13

2019-11-06 21:17:24,923 INFO The APR based Apache Tomcat Native library which allows optimal performance in production environments was not found on the java.library.path: [/usr/java/packages/lib/amd64:/usr/lib64:/lib64:/lib:/usr/lib]

2019-11-06 21:17:25,093 INFO Initializing Spring embedded WebApplicationContext

2019-11-06 21:17:25,095 INFO Root WebApplicationContext: initialization completed in 3734 ms

2019-11-06 21:17:29,123 INFO Use Mysql as the driver

2019-11-06 21:17:29,748 INFO Initializing ExecutorService 'applicationTaskExecutor'

2019-11-06 21:17:30,183 INFO Adding welcome page: class path resource [static/index.html]

2019-11-06 21:17:30,653 INFO Creating filter chain: Ant [pattern='/'], []

2019-11-06 21:17:30,655 INFO Creating filter chain: Ant [pattern='/**/*.css'], []

2019-11-06 21:17:30,656 INFO Creating filter chain: Ant [pattern='/**/*.js'], []

2019-11-06 21:17:30,657 INFO Creating filter chain: Ant [pattern='/**/*.html'], []

2019-11-06 21:17:30,658 INFO Creating filter chain: Ant [pattern='/**/*.map'], []

2019-11-06 21:17:30,658 INFO Creating filter chain: Ant [pattern='/**/*.svg'], []

2019-11-06 21:17:30,659 INFO Creating filter chain: Ant [pattern='/**/*.png'], []

2019-11-06 21:17:30,660 INFO Creating filter chain: Ant [pattern='/**/*.ico'], []

2019-11-06 21:17:30,661 INFO Creating filter chain: Ant [pattern='/console-fe/public/**'], []

2019-11-06 21:17:30,661 INFO Creating filter chain: Ant [pattern='/v1/auth/login'], []

2019-11-06 21:17:30,662 INFO Creating filter chain: Ant [pattern='/v1/console/health/**'], []

2019-11-06 21:17:30,662 INFO Creating filter chain: Ant [pattern='/v1/cs/**'], []

2019-11-06 21:17:30,663 INFO Creating filter chain: Ant [pattern='/v1/ns/**'], []

2019-11-06 21:17:30,663 INFO Creating filter chain: Ant [pattern='/v1/cmdb/**'], []

2019-11-06 21:17:30,664 INFO Creating filter chain: Ant [pattern='/actuator/**'], []

2019-11-06 21:17:30,665 INFO Creating filter chain: Ant [pattern='/v1/console/server/**'], []

2019-11-06 21:17:30,712 INFO Creating filter chain: any request, [org.springframework.security.web.context.request.async.WebAsyncManagerIntegrationFilter@62679465, org.springframework.security.web.context.SecurityContextPersistenceFilter@71e5f61d, org.springframework.security.web.header.HeaderWriterFilter@2d10e0b1, org.springframework.security.web.authentication.logout.LogoutFilter@6a62689d, com.alibaba.nacos.console.filter.JwtAuthenticationTokenFilter@6a988392, org.springframework.security.web.savedrequest.RequestCacheAwareFilter@5e8f9e2d, org.springframework.security.web.servletapi.SecurityContextHolderAwareRequestFilter@60d8c0dc, org.springframework.security.web.authentication.AnonymousAuthenticationFilter@1d71006f, org.springframework.security.web.session.SessionManagementFilter@172ca72b, org.springframework.security.web.access.ExceptionTranslationFilter@53ab0286, org.springframework.security.web.access.intercept.FilterSecurityInterceptor@89ff02e]

2019-11-06 21:17:30,759 INFO Exposing 16 endpoint(s) beneath base path '/actuator'

2019-11-06 21:17:30,803 INFO Initializing ExecutorService 'taskScheduler'

2019-11-06 21:17:30,932 INFO Tomcat started on port(s): 8848 (http) with context path '/nacos'

2019-11-06 21:17:30,939 INFO Started Nacos in 11.799 seconds (JVM running for 13.01)

2019-11-06 21:17:30,939 INFO Nacos Log files: /home/nacos/logs/

2019-11-06 21:17:30,940 INFO Nacos Conf files: /home/nacos/conf/

2019-11-06 21:17:30,940 INFO Nacos Data files: /home/nacos/data/

2019-11-06 21:17:30,941 INFO Nacos started successfully in stand alone mode.

2019-11-06 21:17:33,983 INFO Initializing Spring DispatcherServlet 'dispatcherServlet'

2019-11-06 21:17:33,984 INFO Initializing Servlet 'dispatcherServlet'

2019-11-06 21:17:34,007 INFO Completed initialization in 22 ms

2019-11-06 21:19:21,054 INFO Starting Nacos v1.1.0 on nacos-dev with PID 23 (/home/nacos/target/nacos-server.jar started by root in /home/nacos)

2019-11-06 21:19:21,059 INFO The following profiles are active: standalone

2019-11-06 21:19:23,634 INFO Bean 'org.springframework.security.config.annotation.configuration.ObjectPostProcessorConfiguration' of type [org.springframework.security.config.annotation.configuration.ObjectPostProcessorConfiguration$$EnhancerBySpringCGLIB$$7a4f57d9] is not eligible for getting processed by all BeanPostProcessors (for example: not eligible for auto-proxying)

2019-11-06 21:19:23,792 INFO Bean 'objectPostProcessor' of type [org.springframework.security.config.annotation.configuration.AutowireBeanFactoryObjectPostProcessor] is not eligible for getting processed by all BeanPostProcessors (for example: not eligible for auto-proxying)

2019-11-06 21:19:23,798 INFO Bean 'org.springframework.security.access.expression.method.DefaultMethodSecurityExpressionHandler@1807e3f6' of type [org.springframework.security.access.expression.method.DefaultMethodSecurityExpressionHandler] is not eligible for getting processed by all BeanPostProcessors (for example: not eligible for auto-proxying)

2019-11-06 21:19:23,803 INFO Bean 'org.springframework.security.config.annotation.method.configuration.GlobalMethodSecurityConfiguration' of type [org.springframework.security.config.annotation.method.configuration.GlobalMethodSecurityConfiguration$$EnhancerBySpringCGLIB$$9f23fa8b] is not eligible for getting processed by all BeanPostProcessors (for example: not eligible for auto-proxying)

2019-11-06 21:19:23,812 INFO Bean 'methodSecurityMetadataSource' of type [org.springframework.security.access.method.DelegatingMethodSecurityMetadataSource] is not eligible for getting processed by all BeanPostProcessors (for example: not eligible for auto-proxying)

2019-11-06 21:19:24,558 INFO Tomcat initialized with port(s): 8848 (http)

2019-11-06 21:19:24,593 INFO Starting service [Tomcat]

2019-11-06 21:19:24,593 INFO Starting Servlet Engine: Apache Tomcat/9.0.13

2019-11-06 21:19:24,613 INFO The APR based Apache Tomcat Native library which allows optimal performance in production environments was not found on the java.library.path: [/usr/java/packages/lib/amd64:/usr/lib64:/lib64:/lib:/usr/lib]

2019-11-06 21:19:24,749 INFO Initializing Spring embedded WebApplicationContext

2019-11-06 21:19:24,751 INFO Root WebApplicationContext: initialization completed in 3604 ms

2019-11-06 21:19:28,212 INFO Use Mysql as the driver

2019-11-06 21:19:28,726 INFO Initializing ExecutorService 'applicationTaskExecutor'

2019-11-06 21:19:29,152 INFO Adding welcome page: class path resource [static/index.html]

2019-11-06 21:19:29,649 INFO Creating filter chain: Ant [pattern='/'], []

2019-11-06 21:19:29,650 INFO Creating filter chain: Ant [pattern='/**/*.css'], []

2019-11-06 21:19:29,651 INFO Creating filter chain: Ant [pattern='/**/*.js'], []

2019-11-06 21:19:29,652 INFO Creating filter chain: Ant [pattern='/**/*.html'], []

2019-11-06 21:19:29,653 INFO Creating filter chain: Ant [pattern='/**/*.map'], []

2019-11-06 21:19:29,654 INFO Creating filter chain: Ant [pattern='/**/*.svg'], []

2019-11-06 21:19:29,654 INFO Creating filter chain: Ant [pattern='/**/*.png'], []

2019-11-06 21:19:29,655 INFO Creating filter chain: Ant [pattern='/**/*.ico'], []

2019-11-06 21:19:29,655 INFO Creating filter chain: Ant [pattern='/console-fe/public/**'], []

2019-11-06 21:19:29,656 INFO Creating filter chain: Ant [pattern='/v1/auth/login'], []

2019-11-06 21:19:29,656 INFO Creating filter chain: Ant [pattern='/v1/console/health/**'], []

2019-11-06 21:19:29,657 INFO Creating filter chain: Ant [pattern='/v1/cs/**'], []

2019-11-06 21:19:29,657 INFO Creating filter chain: Ant [pattern='/v1/ns/**'], []

2019-11-06 21:19:29,658 INFO Creating filter chain: Ant [pattern='/v1/cmdb/**'], []

2019-11-06 21:19:29,658 INFO Creating filter chain: Ant [pattern='/actuator/**'], []

2019-11-06 21:19:29,659 INFO Creating filter chain: Ant [pattern='/v1/console/server/**'], []

2019-11-06 21:19:29,706 INFO Creating filter chain: any request, [org.springframework.security.web.context.request.async.WebAsyncManagerIntegrationFilter@5ab14cb9, org.springframework.security.web.context.SecurityContextPersistenceFilter@6b5966e1, org.springframework.security.web.header.HeaderWriterFilter@841e575, org.springframework.security.web.authentication.logout.LogoutFilter@37f21974, com.alibaba.nacos.console.filter.JwtAuthenticationTokenFilter@5fb97279, org.springframework.security.web.savedrequest.RequestCacheAwareFilter@1568159, org.springframework.security.web.servletapi.SecurityContextHolderAwareRequestFilter@3af17be2, org.springframework.security.web.authentication.AnonymousAuthenticationFilter@439a8f59, org.springframework.security.web.session.SessionManagementFilter@1e5f4170, org.springframework.security.web.access.ExceptionTranslationFilter@2b62442c, org.springframework.security.web.access.intercept.FilterSecurityInterceptor@25f7391e]

2019-11-06 21:19:29,760 INFO Exposing 16 endpoint(s) beneath base path '/actuator'

2019-11-06 21:19:29,805 INFO Initializing ExecutorService 'taskScheduler'

2019-11-06 21:19:29,948 INFO Tomcat started on port(s): 8848 (http) with context path '/nacos'

2019-11-06 21:19:29,956 INFO Started Nacos in 11.204 seconds (JVM running for 12.339)

2019-11-06 21:19:29,957 INFO Nacos Log files: /home/nacos/logs/

2019-11-06 21:19:29,957 INFO Nacos Conf files: /home/nacos/conf/

2019-11-06 21:19:29,958 INFO Nacos Data files: /home/nacos/data/

2019-11-06 21:19:29,959 INFO Nacos started successfully in stand alone mode.

2019-11-06 21:19:33,061 INFO Initializing Spring DispatcherServlet 'dispatcherServlet'

2019-11-06 21:19:33,062 INFO Initializing Servlet 'dispatcherServlet'

2019-11-06 21:19:33,082 INFO Completed initialization in 19 ms

2019-11-06 21:26:57,788 INFO Starting Nacos v1.1.0 on nacos-dev with PID 23 (/home/nacos/target/nacos-server.jar started by root in /home/nacos)

2019-11-06 21:26:57,798 INFO The following profiles are active: standalone

2019-11-06 21:27:00,417 INFO Bean 'org.springframework.security.config.annotation.configuration.ObjectPostProcessorConfiguration' of type [org.springframework.security.config.annotation.configuration.ObjectPostProcessorConfiguration$$EnhancerBySpringCGLIB$$d644db1e] is not eligible for getting processed by all BeanPostProcessors (for example: not eligible for auto-proxying)

2019-11-06 21:27:00,575 INFO Bean 'objectPostProcessor' of type [org.springframework.security.config.annotation.configuration.AutowireBeanFactoryObjectPostProcessor] is not eligible for getting processed by all BeanPostProcessors (for example: not eligible for auto-proxying)

2019-11-06 21:27:00,581 INFO Bean 'org.springframework.security.access.expression.method.DefaultMethodSecurityExpressionHandler@3ad83a66' of type [org.springframework.security.access.expression.method.DefaultMethodSecurityExpressionHandler] is not eligible for getting processed by all BeanPostProcessors (for example: not eligible for auto-proxying)

2019-11-06 21:27:00,583 INFO Bean 'org.springframework.security.config.annotation.method.configuration.GlobalMethodSecurityConfiguration' of type [org.springframework.security.config.annotation.method.configuration.GlobalMethodSecurityConfiguration$$EnhancerBySpringCGLIB$$fb197dd0] is not eligible for getting processed by all BeanPostProcessors (for example: not eligible for auto-proxying)

2019-11-06 21:27:00,592 INFO Bean 'methodSecurityMetadataSource' of type [org.springframework.security.access.method.DelegatingMethodSecurityMetadataSource] is not eligible for getting processed by all BeanPostProcessors (for example: not eligible for auto-proxying)

2019-11-06 21:27:01,334 INFO Tomcat initialized with port(s): 8848 (http)

2019-11-06 21:27:01,375 INFO Starting service [Tomcat]

2019-11-06 21:27:01,376 INFO Starting Servlet Engine: Apache Tomcat/9.0.13

2019-11-06 21:27:01,398 INFO The APR based Apache Tomcat Native library which allows optimal performance in production environments was not found on the java.library.path: [/usr/java/packages/lib/amd64:/usr/lib64:/lib64:/lib:/usr/lib]

2019-11-06 21:27:01,540 INFO Initializing Spring embedded WebApplicationContext

2019-11-06 21:27:01,542 INFO Root WebApplicationContext: initialization completed in 3565 ms

2019-11-06 21:27:05,282 INFO Use Mysql as the driver

2019-11-06 21:27:05,860 INFO Initializing ExecutorService 'applicationTaskExecutor'

2019-11-06 21:27:06,342 INFO Adding welcome page: class path resource [static/index.html]

2019-11-06 21:27:06,827 INFO Creating filter chain: Ant [pattern='/'], []

2019-11-06 21:27:06,829 INFO Creating filter chain: Ant [pattern='/**/*.css'], []

2019-11-06 21:27:06,830 INFO Creating filter chain: Ant [pattern='/**/*.js'], []

2019-11-06 21:27:06,831 INFO Creating filter chain: Ant [pattern='/**/*.html'], []

2019-11-06 21:27:06,832 INFO Creating filter chain: Ant [pattern='/**/*.map'], []

2019-11-06 21:27:06,832 INFO Creating filter chain: Ant [pattern='/**/*.svg'], []

2019-11-06 21:27:06,833 INFO Creating filter chain: Ant [pattern='/**/*.png'], []

2019-11-06 21:27:06,833 INFO Creating filter chain: Ant [pattern='/**/*.ico'], []

2019-11-06 21:27:06,834 INFO Creating filter chain: Ant [pattern='/console-fe/public/**'], []

2019-11-06 21:27:06,835 INFO Creating filter chain: Ant [pattern='/v1/auth/login'], []

2019-11-06 21:27:06,835 INFO Creating filter chain: Ant [pattern='/v1/console/health/**'], []

2019-11-06 21:27:06,836 INFO Creating filter chain: Ant [pattern='/v1/cs/**'], []

2019-11-06 21:27:06,837 INFO Creating filter chain: Ant [pattern='/v1/ns/**'], []

2019-11-06 21:27:06,837 INFO Creating filter chain: Ant [pattern='/v1/cmdb/**'], []

2019-11-06 21:27:06,838 INFO Creating filter chain: Ant [pattern='/actuator/**'], []

2019-11-06 21:27:06,839 INFO Creating filter chain: Ant [pattern='/v1/console/server/**'], []

2019-11-06 21:27:06,894 INFO Creating filter chain: any request, [org.springframework.security.web.context.request.async.WebAsyncManagerIntegrationFilter@46e8a539, org.springframework.security.web.context.SecurityContextPersistenceFilter@5f2606b, org.springframework.security.web.header.HeaderWriterFilter@62679465, org.springframework.security.web.authentication.logout.LogoutFilter@2cf23c81, com.alibaba.nacos.console.filter.JwtAuthenticationTokenFilter@495083a0, org.springframework.security.web.savedrequest.RequestCacheAwareFilter@3ebff828, org.springframework.security.web.servletapi.SecurityContextHolderAwareRequestFilter@5f3b9c57, org.springframework.security.web.authentication.AnonymousAuthenticationFilter@5fd62371, org.springframework.security.web.session.SessionManagementFilter@1d71006f, org.springframework.security.web.access.ExceptionTranslationFilter@89ff02e, org.springframework.security.web.access.intercept.FilterSecurityInterceptor@47da3952]

2019-11-06 21:27:06,957 INFO Exposing 16 endpoint(s) beneath base path '/actuator'

2019-11-06 21:27:07,016 INFO Initializing ExecutorService 'taskScheduler'

2019-11-06 21:27:07,213 INFO Tomcat started on port(s): 8848 (http) with context path '/nacos'

2019-11-06 21:27:07,224 INFO Started Nacos in 11.463 seconds (JVM running for 12.648)

2019-11-06 21:27:07,225 INFO Nacos Log files: /home/nacos/logs/

2019-11-06 21:27:07,226 INFO Nacos Conf files: /home/nacos/conf/

2019-11-06 21:27:07,227 INFO Nacos Data files: /home/nacos/data/

2019-11-06 21:27:07,228 INFO Nacos started successfully in stand alone mode.

2019-11-06 21:27:10,127 INFO Initializing Spring DispatcherServlet 'dispatcherServlet'

2019-11-06 21:27:10,129 INFO Initializing Servlet 'dispatcherServlet'

2019-11-06 21:27:10,150 INFO Completed initialization in 21 ms

2019-11-06 21:34:58,546 INFO Starting Nacos v1.1.0 on nacos-dev with PID 26 (/home/nacos/target/nacos-server.jar started by root in /home/nacos)

2019-11-06 21:34:58,565 INFO The following profiles are active: standalone

2019-11-06 21:35:02,573 INFO Bean 'org.springframework.security.config.annotation.configuration.ObjectPostProcessorConfiguration' of type [org.springframework.security.config.annotation.configuration.ObjectPostProcessorConfiguration$$EnhancerBySpringCGLIB$$6f2a3012] is not eligible for getting processed by all BeanPostProcessors (for example: not eligible for auto-proxying)

2019-11-06 21:35:02,744 INFO Bean 'objectPostProcessor' of type [org.springframework.security.config.annotation.configuration.AutowireBeanFactoryObjectPostProcessor] is not eligible for getting processed by all BeanPostProcessors (for example: not eligible for auto-proxying)

2019-11-06 21:35:02,752 INFO Bean 'org.springframework.security.access.expression.method.DefaultMethodSecurityExpressionHandler@4f32a3ad' of type [org.springframework.security.access.expression.method.DefaultMethodSecurityExpressionHandler] is not eligible for getting processed by all BeanPostProcessors (for example: not eligible for auto-proxying)

2019-11-06 21:35:02,757 INFO Bean 'org.springframework.security.config.annotation.method.configuration.GlobalMethodSecurityConfiguration' of type [org.springframework.security.config.annotation.method.configuration.GlobalMethodSecurityConfiguration$$EnhancerBySpringCGLIB$$93fed2c4] is not eligible for getting processed by all BeanPostProcessors (for example: not eligible for auto-proxying)

2019-11-06 21:35:02,766 INFO Bean 'methodSecurityMetadataSource' of type [org.springframework.security.access.method.DelegatingMethodSecurityMetadataSource] is not eligible for getting processed by all BeanPostProcessors (for example: not eligible for auto-proxying)

2019-11-06 21:35:03,815 INFO Tomcat initialized with port(s): 8848 (http)

2019-11-06 21:35:03,876 INFO Starting service [Tomcat]

2019-11-06 21:35:03,877 INFO Starting Servlet Engine: Apache Tomcat/9.0.13

2019-11-06 21:35:03,911 INFO The APR based Apache Tomcat Native library which allows optimal performance in production environments was not found on the java.library.path: [/usr/java/packages/lib/amd64:/usr/lib64:/lib64:/lib:/usr/lib]

2019-11-06 21:35:04,122 INFO Initializing Spring embedded WebApplicationContext

2019-11-06 21:35:04,124 INFO Root WebApplicationContext: initialization completed in 5390 ms

2019-11-06 21:35:09,193 INFO Use Mysql as the driver

2019-11-06 21:35:09,918 INFO Initializing ExecutorService 'applicationTaskExecutor'

2019-11-06 21:35:10,491 INFO Adding welcome page: class path resource [static/index.html]

2019-11-06 21:35:11,234 INFO Creating filter chain: Ant [pattern='/'], []

2019-11-06 21:35:11,237 INFO Creating filter chain: Ant [pattern='/**/*.css'], []

2019-11-06 21:35:11,238 INFO Creating filter chain: Ant [pattern='/**/*.js'], []

2019-11-06 21:35:11,240 INFO Creating filter chain: Ant [pattern='/**/*.html'], []

2019-11-06 21:35:11,241 INFO Creating filter chain: Ant [pattern='/**/*.map'], []

2019-11-06 21:35:11,242 INFO Creating filter chain: Ant [pattern='/**/*.svg'], []

2019-11-06 21:35:11,244 INFO Creating filter chain: Ant [pattern='/**/*.png'], []

2019-11-06 21:35:11,245 INFO Creating filter chain: Ant [pattern='/**/*.ico'], []

2019-11-06 21:35:11,247 INFO Creating filter chain: Ant [pattern='/console-fe/public/**'], []

2019-11-06 21:35:11,248 INFO Creating filter chain: Ant [pattern='/v1/auth/login'], []

2019-11-06 21:35:11,249 INFO Creating filter chain: Ant [pattern='/v1/console/health/**'], []

2019-11-06 21:35:11,251 INFO Creating filter chain: Ant [pattern='/v1/cs/**'], []

2019-11-06 21:35:11,252 INFO Creating filter chain: Ant [pattern='/v1/ns/**'], []

2019-11-06 21:35:11,253 INFO Creating filter chain: Ant [pattern='/v1/cmdb/**'], []

2019-11-06 21:35:11,255 INFO Creating filter chain: Ant [pattern='/actuator/**'], []

2019-11-06 21:35:11,256 INFO Creating filter chain: Ant [pattern='/v1/console/server/**'], []

2019-11-06 21:35:11,337 INFO Creating filter chain: any request, [org.springframework.security.web.context.request.async.WebAsyncManagerIntegrationFilter@3ebff828, org.springframework.security.web.context.SecurityContextPersistenceFilter@4204541c, org.springframework.security.web.header.HeaderWriterFilter@5e8f9e2d, org.springframework.security.web.authentication.logout.LogoutFilter@1849db1a, com.alibaba.nacos.console.filter.JwtAuthenticationTokenFilter@2552f2cb, org.springframework.security.web.savedrequest.RequestCacheAwareFilter@4602c2a9, org.springframework.security.web.servletapi.SecurityContextHolderAwareRequestFilter@79e18e38, org.springframework.security.web.authentication.AnonymousAuthenticationFilter@33352f32, org.springframework.security.web.session.SessionManagementFilter@fd46303, org.springframework.security.web.access.ExceptionTranslationFilter@71e5f61d, org.springframework.security.web.access.intercept.FilterSecurityInterceptor@5f2606b]

2019-11-06 21:35:11,411 INFO Exposing 16 endpoint(s) beneath base path '/actuator'

2019-11-06 21:35:11,478 INFO Initializing ExecutorService 'taskScheduler'

2019-11-06 21:35:11,675 INFO Tomcat started on port(s): 8848 (http) with context path '/nacos'

2019-11-06 21:35:11,686 INFO Started Nacos in 15.518 seconds (JVM running for 16.811)

2019-11-06 21:35:11,687 INFO Nacos Log files: /home/nacos/logs/

2019-11-06 21:35:11,688 INFO Nacos Conf files: /home/nacos/conf/

2019-11-06 21:35:11,689 INFO Nacos Data files: /home/nacos/data/

2019-11-06 21:35:11,690 INFO Nacos started successfully in stand alone mode.

2019-11-06 21:35:14,003 INFO Initializing Spring DispatcherServlet 'dispatcherServlet'

2019-11-06 21:35:14,004 INFO Initializing Servlet 'dispatcherServlet'

2019-11-06 21:35:14,034 INFO Completed initialization in 29 ms

2019-11-06 21:39:11,486 INFO Starting Nacos v1.1.0 on nacos-dev with PID 23 (/home/nacos/target/nacos-server.jar started by root in /home/nacos)

2019-11-06 21:39:11,498 INFO The following profiles are active: standalone

2019-11-06 21:39:15,263 INFO Bean 'org.springframework.security.config.annotation.configuration.ObjectPostProcessorConfiguration' of type [org.springframework.security.config.annotation.configuration.ObjectPostProcessorConfiguration$$EnhancerBySpringCGLIB$$43dbdb21] is not eligible for getting processed by all BeanPostProcessors (for example: not eligible for auto-proxying)

2019-11-06 21:39:15,499 INFO Bean 'objectPostProcessor' of type [org.springframework.security.config.annotation.configuration.AutowireBeanFactoryObjectPostProcessor] is not eligible for getting processed by all BeanPostProcessors (for example: not eligible for auto-proxying)

2019-11-06 21:39:15,507 INFO Bean 'org.springframework.security.access.expression.method.DefaultMethodSecurityExpressionHandler@70cf32e3' of type [org.springframework.security.access.expression.method.DefaultMethodSecurityExpressionHandler] is not eligible for getting processed by all BeanPostProcessors (for example: not eligible for auto-proxying)

2019-11-06 21:39:15,513 INFO Bean 'org.springframework.security.config.annotation.method.configuration.GlobalMethodSecurityConfiguration' of type [org.springframework.security.config.annotation.method.configuration.GlobalMethodSecurityConfiguration$$EnhancerBySpringCGLIB$$68b07dd3] is not eligible for getting processed by all BeanPostProcessors (for example: not eligible for auto-proxying)

2019-11-06 21:39:15,524 INFO Bean 'methodSecurityMetadataSource' of type [org.springframework.security.access.method.DelegatingMethodSecurityMetadataSource] is not eligible for getting processed by all BeanPostProcessors (for example: not eligible for auto-proxying)

2019-11-06 21:39:16,670 INFO Tomcat initialized with port(s): 8848 (http)

2019-11-06 21:39:16,740 INFO Starting service [Tomcat]

2019-11-06 21:39:16,741 INFO Starting Servlet Engine: Apache Tomcat/9.0.13

2019-11-06 21:39:16,776 INFO The APR based Apache Tomcat Native library which allows optimal performance in production environments was not found on the java.library.path: [/usr/java/packages/lib/amd64:/usr/lib64:/lib64:/lib:/usr/lib]

2019-11-06 21:39:17,016 INFO Initializing Spring embedded WebApplicationContext

2019-11-06 21:39:17,018 INFO Root WebApplicationContext: initialization completed in 5322 ms

2019-11-06 21:39:22,023 INFO Use Mysql as the driver

2019-11-06 21:39:22,777 INFO Initializing ExecutorService 'applicationTaskExecutor'

2019-11-06 21:39:23,334 INFO Adding welcome page: class path resource [static/index.html]

2019-11-06 21:39:24,071 INFO Creating filter chain: Ant [pattern='/'], []

2019-11-06 21:39:24,081 INFO Creating filter chain: Ant [pattern='/**/*.css'], []

2019-11-06 21:39:24,087 INFO Creating filter chain: Ant [pattern='/**/*.js'], []

2019-11-06 21:39:24,091 INFO Creating filter chain: Ant [pattern='/**/*.html'], []

2019-11-06 21:39:24,098 INFO Creating filter chain: Ant [pattern='/**/*.map'], []

2019-11-06 21:39:24,099 INFO Creating filter chain: Ant [pattern='/**/*.svg'], []

2019-11-06 21:39:24,100 INFO Creating filter chain: Ant [pattern='/**/*.png'], []

2019-11-06 21:39:24,102 INFO Creating filter chain: Ant [pattern='/**/*.ico'], []

2019-11-06 21:39:24,104 INFO Creating filter chain: Ant [pattern='/console-fe/public/**'], []

2019-11-06 21:39:24,105 INFO Creating filter chain: Ant [pattern='/v1/auth/login'], []

2019-11-06 21:39:24,106 INFO Creating filter chain: Ant [pattern='/v1/console/health/**'], []

2019-11-06 21:39:24,107 INFO Creating filter chain: Ant [pattern='/v1/cs/**'], []

2019-11-06 21:39:24,108 INFO Creating filter chain: Ant [pattern='/v1/ns/**'], []

2019-11-06 21:39:24,108 INFO Creating filter chain: Ant [pattern='/v1/cmdb/**'], []

2019-11-06 21:39:24,109 INFO Creating filter chain: Ant [pattern='/actuator/**'], []

2019-11-06 21:39:24,110 INFO Creating filter chain: Ant [pattern='/v1/console/server/**'], []

2019-11-06 21:39:24,192 INFO Creating filter chain: any request, [org.springframework.security.web.context.request.async.WebAsyncManagerIntegrationFilter@35fe2125, org.springframework.security.web.context.SecurityContextPersistenceFilter@1849db1a, org.springframework.security.web.header.HeaderWriterFilter@60fa3495, org.springframework.security.web.authentication.logout.LogoutFilter@6865c751, com.alibaba.nacos.console.filter.JwtAuthenticationTokenFilter@94f6bfb, org.springframework.security.web.savedrequest.RequestCacheAwareFilter@1ca25c47, org.springframework.security.web.servletapi.SecurityContextHolderAwareRequestFilter@6d1d4d7, org.springframework.security.web.authentication.AnonymousAuthenticationFilter@34645867, org.springframework.security.web.session.SessionManagementFilter@79e18e38, org.springframework.security.web.access.ExceptionTranslationFilter@6a62689d, org.springframework.security.web.access.intercept.FilterSecurityInterceptor@2cf23c81]

2019-11-06 21:39:24,268 INFO Exposing 16 endpoint(s) beneath base path '/actuator'

2019-11-06 21:39:24,343 INFO Initializing ExecutorService 'taskScheduler'

2019-11-06 21:39:24,548 INFO Tomcat started on port(s): 8848 (http) with context path '/nacos'

2019-11-06 21:39:24,558 INFO Started Nacos in 15.966 seconds (JVM running for 17.205)

2019-11-06 21:39:24,559 INFO Nacos Log files: /home/nacos/logs/

2019-11-06 21:39:24,560 INFO Nacos Conf files: /home/nacos/conf/

2019-11-06 21:39:24,561 INFO Nacos Data files: /home/nacos/data/

2019-11-06 21:39:24,562 INFO Nacos started successfully in stand alone mode.

2019-11-06 21:39:26,797 INFO Initializing Spring DispatcherServlet 'dispatcherServlet'

2019-11-06 21:39:26,799 INFO Initializing Servlet 'dispatcherServlet'

2019-11-06 21:39:26,830 INFO Completed initialization in 30 ms

2019-11-06 21:49:20,920 INFO [capacityManagement] start correct usage

2019-11-06 21:49:20,993 INFO [capacityManagement] end correct usage, cost: 0s

2019-11-06 21:49:21,299 WARN clearConfigHistory start

2019-11-06 22:03:42,278 INFO Starting Nacos v1.1.0 on nacos-dev with PID 22 (/home/nacos/target/nacos-server.jar started by root in /home/nacos)

2019-11-06 22:03:42,297 INFO The following profiles are active: standalone

2019-11-06 22:03:46,079 INFO Bean 'org.springframework.security.config.annotation.configuration.ObjectPostProcessorConfiguration' of type [org.springframework.security.config.annotation.configuration.ObjectPostProcessorConfiguration$$EnhancerBySpringCGLIB$$b9791510] is not eligible for getting processed by all BeanPostProcessors (for example: not eligible for auto-proxying)

2019-11-06 22:03:46,276 INFO Bean 'objectPostProcessor' of type [org.springframework.security.config.annotation.configuration.AutowireBeanFactoryObjectPostProcessor] is not eligible for getting processed by all BeanPostProcessors (for example: not eligible for auto-proxying)

2019-11-06 22:03:46,285 INFO Bean 'org.springframework.security.access.expression.method.DefaultMethodSecurityExpressionHandler@2ab4bc72' of type [org.springframework.security.access.expression.method.DefaultMethodSecurityExpressionHandler] is not eligible for getting processed by all BeanPostProcessors (for example: not eligible for auto-proxying)

2019-11-06 22:03:46,291 INFO Bean 'org.springframework.security.config.annotation.method.configuration.GlobalMethodSecurityConfiguration' of type [org.springframework.security.config.annotation.method.configuration.GlobalMethodSecurityConfiguration$$EnhancerBySpringCGLIB$$de4db7c2] is not eligible for getting processed by all BeanPostProcessors (for example: not eligible for auto-proxying)

2019-11-06 22:03:46,301 INFO Bean 'methodSecurityMetadataSource' of type [org.springframework.security.access.method.DelegatingMethodSecurityMetadataSource] is not eligible for getting processed by all BeanPostProcessors (for example: not eligible for auto-proxying)

2019-11-06 22:03:47,789 INFO Tomcat initialized with port(s): 8848 (http)

2019-11-06 22:03:47,870 INFO Starting service [Tomcat]

2019-11-06 22:03:47,871 INFO Starting Servlet Engine: Apache Tomcat/9.0.13

2019-11-06 22:03:47,912 INFO The APR based Apache Tomcat Native library which allows optimal performance in production environments was not found on the java.library.path: [/usr/java/packages/lib/amd64:/usr/lib64:/lib64:/lib:/usr/lib]

2019-11-06 22:03:48,177 INFO Initializing Spring embedded WebApplicationContext

2019-11-06 22:03:48,179 INFO Root WebApplicationContext: initialization completed in 5712 ms

2019-11-06 22:03:54,599 INFO Use Mysql as the driver

2019-11-06 22:03:55,530 INFO Initializing ExecutorService 'applicationTaskExecutor'

2019-11-06 22:03:56,250 INFO Adding welcome page: class path resource [static/index.html]

2019-11-06 22:03:57,196 INFO Creating filter chain: Ant [pattern='/'], []

2019-11-06 22:03:57,199 INFO Creating filter chain: Ant [pattern='/**/*.css'], []

2019-11-06 22:03:57,201 INFO Creating filter chain: Ant [pattern='/**/*.js'], []

2019-11-06 22:03:57,203 INFO Creating filter chain: Ant [pattern='/**/*.html'], []

2019-11-06 22:03:57,205 INFO Creating filter chain: Ant [pattern='/**/*.map'], []

2019-11-06 22:03:57,206 INFO Creating filter chain: Ant [pattern='/**/*.svg'], []

2019-11-06 22:03:57,207 INFO Creating filter chain: Ant [pattern='/**/*.png'], []

2019-11-06 22:03:57,209 INFO Creating filter chain: Ant [pattern='/**/*.ico'], []

2019-11-06 22:03:57,211 INFO Creating filter chain: Ant [pattern='/console-fe/public/**'], []

2019-11-06 22:03:57,212 INFO Creating filter chain: Ant [pattern='/v1/auth/login'], []

2019-11-06 22:03:57,213 INFO Creating filter chain: Ant [pattern='/v1/console/health/**'], []

2019-11-06 22:03:57,215 INFO Creating filter chain: Ant [pattern='/v1/cs/**'], []

2019-11-06 22:03:57,216 INFO Creating filter chain: Ant [pattern='/v1/ns/**'], []

2019-11-06 22:03:57,218 INFO Creating filter chain: Ant [pattern='/v1/cmdb/**'], []

2019-11-06 22:03:57,219 INFO Creating filter chain: Ant [pattern='/actuator/**'], []

2019-11-06 22:03:57,220 INFO Creating filter chain: Ant [pattern='/v1/console/server/**'], []

2019-11-06 22:03:57,314 INFO Creating filter chain: any request, [org.springframework.security.web.context.request.async.WebAsyncManagerIntegrationFilter@5fd62371, org.springframework.security.web.context.SecurityContextPersistenceFilter@3ebff828, org.springframework.security.web.header.HeaderWriterFilter@1d71006f, org.springframework.security.web.authentication.logout.LogoutFilter@35fe2125, com.alibaba.nacos.console.filter.JwtAuthenticationTokenFilter@28a0fd6c, org.springframework.security.web.savedrequest.RequestCacheAwareFilter@33352f32, org.springframework.security.web.servletapi.SecurityContextHolderAwareRequestFilter@2cf23c81, org.springframework.security.web.authentication.AnonymousAuthenticationFilter@2b62442c, org.springframework.security.web.session.SessionManagementFilter@5f2606b, org.springframework.security.web.access.ExceptionTranslationFilter@62679465, org.springframework.security.web.access.intercept.FilterSecurityInterceptor@46e8a539]

2019-11-06 22:03:57,387 INFO Exposing 16 endpoint(s) beneath base path '/actuator'

2019-11-06 22:03:57,486 INFO Initializing ExecutorService 'taskScheduler'

2019-11-06 22:03:57,748 INFO Tomcat started on port(s): 8848 (http) with context path '/nacos'

2019-11-06 22:03:57,762 INFO Started Nacos in 18.345 seconds (JVM running for 19.601)

2019-11-06 22:03:57,763 INFO Nacos Log files: /home/nacos/logs/

2019-11-06 22:03:57,765 INFO Nacos Conf files: /home/nacos/conf/

2019-11-06 22:03:57,766 INFO Nacos Data files: /home/nacos/data/

2019-11-06 22:03:57,768 INFO Nacos started successfully in stand alone mode.

2019-11-06 22:03:59,361 INFO Initializing Spring DispatcherServlet 'dispatcherServlet'

2019-11-06 22:03:59,363 INFO Initializing Servlet 'dispatcherServlet'

2019-11-06 22:03:59,404 INFO Completed initialization in 40 ms

2019-11-06 22:09:39,690 INFO Starting Nacos v1.1.0 on nacos-dev with PID 24 (/home/nacos/target/nacos-server.jar started by root in /home/nacos)

2019-11-06 22:09:39,709 INFO The following profiles are active: standalone

2019-11-06 22:09:43,546 INFO Bean 'org.springframework.security.config.annotation.configuration.ObjectPostProcessorConfiguration' of type [org.springframework.security.config.annotation.configuration.ObjectPostProcessorConfiguration$$EnhancerBySpringCGLIB$$364be3d9] is not eligible for getting processed by all BeanPostProcessors (for example: not eligible for auto-proxying)

2019-11-06 22:09:43,806 INFO Bean 'objectPostProcessor' of type [org.springframework.security.config.annotation.configuration.AutowireBeanFactoryObjectPostProcessor] is not eligible for getting processed by all BeanPostProcessors (for example: not eligible for auto-proxying)

2019-11-06 22:09:43,814 INFO Bean 'org.springframework.security.access.expression.method.DefaultMethodSecurityExpressionHandler@5b799640' of type [org.springframework.security.access.expression.method.DefaultMethodSecurityExpressionHandler] is not eligible for getting processed by all BeanPostProcessors (for example: not eligible for auto-proxying)

2019-11-06 22:09:43,823 INFO Bean 'org.springframework.security.config.annotation.method.configuration.GlobalMethodSecurityConfiguration' of type [org.springframework.security.config.annotation.method.configuration.GlobalMethodSecurityConfiguration$$EnhancerBySpringCGLIB$$5b20868b] is not eligible for getting processed by all BeanPostProcessors (for example: not eligible for auto-proxying)

2019-11-06 22:09:43,837 INFO Bean 'methodSecurityMetadataSource' of type [org.springframework.security.access.method.DelegatingMethodSecurityMetadataSource] is not eligible for getting processed by all BeanPostProcessors (for example: not eligible for auto-proxying)

2019-11-06 22:09:44,931 INFO Tomcat initialized with port(s): 8848 (http)

2019-11-06 22:09:44,995 INFO Starting service [Tomcat]

2019-11-06 22:09:44,996 INFO Starting Servlet Engine: Apache Tomcat/9.0.13

2019-11-06 22:09:45,022 INFO The APR based Apache Tomcat Native library which allows optimal performance in production environments was not found on the java.library.path: [/usr/java/packages/lib/amd64:/usr/lib64:/lib64:/lib:/usr/lib]

2019-11-06 22:09:45,236 INFO Initializing Spring embedded WebApplicationContext

2019-11-06 22:09:45,238 INFO Root WebApplicationContext: initialization completed in 5346 ms

2019-11-06 22:09:50,276 INFO Use Mysql as the driver

2019-11-06 22:09:50,971 INFO Initializing ExecutorService 'applicationTaskExecutor'

2019-11-06 22:09:51,507 INFO Adding welcome page: class path resource [static/index.html]

2019-11-06 22:09:52,156 INFO Creating filter chain: Ant [pattern='/'], []

2019-11-06 22:09:52,159 INFO Creating filter chain: Ant [pattern='/**/*.css'], []

2019-11-06 22:09:52,160 INFO Creating filter chain: Ant [pattern='/**/*.js'], []

2019-11-06 22:09:52,161 INFO Creating filter chain: Ant [pattern='/**/*.html'], []

2019-11-06 22:09:52,162 INFO Creating filter chain: Ant [pattern='/**/*.map'], []

2019-11-06 22:09:52,164 INFO Creating filter chain: Ant [pattern='/**/*.svg'], []

2019-11-06 22:09:52,165 INFO Creating filter chain: Ant [pattern='/**/*.png'], []

2019-11-06 22:09:52,166 INFO Creating filter chain: Ant [pattern='/**/*.ico'], []

2019-11-06 22:09:52,168 INFO Creating filter chain: Ant [pattern='/console-fe/public/**'], []

2019-11-06 22:09:52,170 INFO Creating filter chain: Ant [pattern='/v1/auth/login'], []

2019-11-06 22:09:52,171 INFO Creating filter chain: Ant [pattern='/v1/console/health/**'], []

2019-11-06 22:09:52,171 INFO Creating filter chain: Ant [pattern='/v1/cs/**'], []

2019-11-06 22:09:52,172 INFO Creating filter chain: Ant [pattern='/v1/ns/**'], []

2019-11-06 22:09:52,173 INFO Creating filter chain: Ant [pattern='/v1/cmdb/**'], []

2019-11-06 22:09:52,174 INFO Creating filter chain: Ant [pattern='/actuator/**'], []

2019-11-06 22:09:52,175 INFO Creating filter chain: Ant [pattern='/v1/console/server/**'], []

2019-11-06 22:09:52,241 INFO Creating filter chain: any request, [org.springframework.security.web.context.request.async.WebAsyncManagerIntegrationFilter@1e044120, org.springframework.security.web.context.SecurityContextPersistenceFilter@3e2822, org.springframework.security.web.header.HeaderWriterFilter@4204541c, org.springframework.security.web.authentication.logout.LogoutFilter@533b266e, com.alibaba.nacos.console.filter.JwtAuthenticationTokenFilter@2cf23c81, org.springframework.security.web.savedrequest.RequestCacheAwareFilter@29a60c27, org.springframework.security.web.servletapi.SecurityContextHolderAwareRequestFilter@1ca25c47, org.springframework.security.web.authentication.AnonymousAuthenticationFilter@3624da92, org.springframework.security.web.session.SessionManagementFilter@4602c2a9, org.springframework.security.web.access.ExceptionTranslationFilter@fd46303, org.springframework.security.web.access.intercept.FilterSecurityInterceptor@33352f32]

2019-11-06 22:09:52,301 INFO Exposing 16 endpoint(s) beneath base path '/actuator'

2019-11-06 22:09:52,357 INFO Initializing ExecutorService 'taskScheduler'

2019-11-06 22:09:52,526 INFO Tomcat started on port(s): 8848 (http) with context path '/nacos'

2019-11-06 22:09:52,534 INFO Started Nacos in 15.635 seconds (JVM running for 16.917)

2019-11-06 22:09:52,535 INFO Nacos Log files: /home/nacos/logs/

2019-11-06 22:09:52,536 INFO Nacos Conf files: /home/nacos/conf/

2019-11-06 22:09:52,537 INFO Nacos Data files: /home/nacos/data/

2019-11-06 22:09:52,538 INFO Nacos started successfully in stand alone mode.

2019-11-06 22:09:55,045 INFO Initializing Spring DispatcherServlet 'dispatcherServlet'

2019-11-06 22:09:55,047 INFO Initializing Servlet 'dispatcherServlet'

2019-11-06 22:09:55,076 INFO Completed initialization in 27 ms

2019-11-06 22:12:03,540 INFO Expired JWT token.

2019-11-06 22:12:03,677 ERROR Responding with unauthorized error. Message - Full authentication is required to access this resource

2019-11-06 22:19:49,180 INFO [capacityManagement] start correct usage

2019-11-06 22:19:49,256 INFO [capacityManagement] end correct usage, cost: 0s

2019-11-06 22:19:49,576 WARN clearConfigHistory start

