2019-11-06 21:04:00,115 INFO listen for service meta change

2019-11-06 21:04:05,302 INFO [SERVER-INIT] got port: 8848

2019-11-06 21:04:05,303 INFO [SERVER-INIT] got path: /nacos

2019-11-06 21:04:19,861 INFO receive config info: unknown#nacos-dev:8848#1573045459861#1


2019-11-06 21:04:19,862 INFO [NACOS-DISTRO] healthy server list changed, disable health check for 60000 ms from now on, old: [], new: [{"adWeight":0,"alive":true,"ip":"nacos-dev","key":"nacos-dev:8848","lastRefTime":1573045459861,"lastRefTimeStr":"2019-11-06 21:04:19","servePort":8848,"site":"unknown","weight":1}]

2019-11-06 21:04:33,408 INFO [HEALTH-CHECK] health check is false

2019-11-06 21:04:34,830 INFO receive config info: unknown#nacos-dev:8848#1573045474830#1


2019-11-06 21:04:49,832 INFO receive config info: unknown#nacos-dev:8848#1573045489832#1


2019-11-06 21:05:04,799 INFO receive config info: unknown#nacos-dev:8848#1573045504799#1


2019-11-06 21:05:19,801 INFO receive config info: unknown#nacos-dev:8848#1573045519800#1


2019-11-06 21:05:34,768 INFO receive config info: unknown#nacos-dev:8848#1573045534768#1


2019-11-06 21:05:34,768 INFO [NACOS-DISTRO] distro threshold restored and stable now, enable health check. current ratio: 1.0

2019-11-06 21:05:49,770 INFO receive config info: unknown#nacos-dev:8848#1573045549770#1


2019-11-06 21:06:04,737 INFO receive config info: unknown#nacos-dev:8848#1573045564737#1


2019-11-06 21:06:19,738 INFO receive config info: unknown#nacos-dev:8848#1573045579738#1


2019-11-06 21:06:34,706 INFO receive config info: unknown#nacos-dev:8848#1573045594706#1


2019-11-06 21:06:49,709 INFO receive config info: unknown#nacos-dev:8848#1573045609709#1


2019-11-06 21:07:04,677 INFO receive config info: unknown#nacos-dev:8848#1573045624677#1


2019-11-06 21:07:19,678 INFO receive config info: unknown#nacos-dev:8848#1573045639678#1


2019-11-06 21:07:34,646 INFO receive config info: unknown#nacos-dev:8848#1573045654646#1


2019-11-06 21:07:49,648 INFO receive config info: unknown#nacos-dev:8848#1573045669648#1


2019-11-06 21:08:04,617 INFO receive config info: unknown#nacos-dev:8848#1573045684617#1


2019-11-06 21:08:19,618 INFO receive config info: unknown#nacos-dev:8848#1573045699618#1


2019-11-06 21:08:34,584 INFO receive config info: unknown#nacos-dev:8848#1573045714584#1


2019-11-06 21:08:49,586 INFO receive config info: unknown#nacos-dev:8848#1573045729586#1


2019-11-06 21:09:04,555 INFO receive config info: unknown#nacos-dev:8848#1573045744555#1


2019-11-06 21:09:19,557 INFO receive config info: unknown#nacos-dev:8848#1573045759557#1


2019-11-06 21:09:33,069 INFO [HEALTH-CHECK] health check is true

2019-11-06 21:09:34,524 INFO receive config info: unknown#nacos-dev:8848#1573045774524#1


2019-11-06 21:09:49,525 INFO receive config info: unknown#nacos-dev:8848#1573045789525#1


2019-11-06 21:10:04,493 INFO receive config info: unknown#nacos-dev:8848#1573045804492#1


2019-11-06 21:10:19,494 INFO receive config info: unknown#nacos-dev:8848#1573045819494#1


2019-11-06 21:17:25,430 INFO listen for service meta change

2019-11-06 21:17:30,934 INFO [SERVER-INIT] got port: 8848

2019-11-06 21:17:30,934 INFO [SERVER-INIT] got path: /nacos

2019-11-06 21:19:25,019 INFO listen for service meta change

2019-11-06 21:19:29,951 INFO [SERVER-INIT] got port: 8848

2019-11-06 21:19:29,951 INFO [SERVER-INIT] got path: /nacos

2019-11-06 21:19:44,763 INFO receive config info: unknown#nacos-dev:8848#1573046384762#1


2019-11-06 21:19:44,764 INFO [NACOS-DISTRO] healthy server list changed, disable health check for 60000 ms from now on, old: [], new: [{"adWeight":0,"alive":true,"ip":"nacos-dev","key":"nacos-dev:8848","lastRefTime":1573046384762,"lastRefTimeStr":"2019-11-06 21:19:44","servePort":8848,"site":"unknown","weight":1}]

2019-11-06 21:19:58,192 INFO [HEALTH-CHECK] health check is false

2019-11-06 21:19:59,732 INFO receive config info: unknown#nacos-dev:8848#1573046399732#1


2019-11-06 21:20:14,734 INFO receive config info: unknown#nacos-dev:8848#1573046414734#1


2019-11-06 21:20:29,702 INFO receive config info: unknown#nacos-dev:8848#1573046429702#1


2019-11-06 21:20:44,704 INFO receive config info: unknown#nacos-dev:8848#1573046444704#1


2019-11-06 21:20:59,672 INFO receive config info: unknown#nacos-dev:8848#1573046459672#1


2019-11-06 21:20:59,672 INFO [NACOS-DISTRO] distro threshold restored and stable now, enable health check. current ratio: 1.0

2019-11-06 21:21:14,673 INFO receive config info: unknown#nacos-dev:8848#1573046474673#1


2019-11-06 21:21:29,641 INFO receive config info: unknown#nacos-dev:8848#1573046489641#1


2019-11-06 21:21:44,642 INFO receive config info: unknown#nacos-dev:8848#1573046504642#1


2019-11-06 21:21:59,609 INFO receive config info: unknown#nacos-dev:8848#1573046519609#1


2019-11-06 21:22:14,611 INFO receive config info: unknown#nacos-dev:8848#1573046534611#1


2019-11-06 21:22:29,576 INFO receive config info: unknown#nacos-dev:8848#1573046549576#1


2019-11-06 21:22:44,580 INFO receive config info: unknown#nacos-dev:8848#1573046564580#1


2019-11-06 21:22:59,548 INFO receive config info: unknown#nacos-dev:8848#1573046579548#1


2019-11-06 21:23:14,550 INFO receive config info: unknown#nacos-dev:8848#1573046594550#1


2019-11-06 21:23:29,520 INFO receive config info: unknown#nacos-dev:8848#1573046609520#1


2019-11-06 21:23:44,522 INFO receive config info: unknown#nacos-dev:8848#1573046624522#1


2019-11-06 21:23:59,489 INFO receive config info: unknown#nacos-dev:8848#1573046639489#1


2019-11-06 21:24:14,490 INFO receive config info: unknown#nacos-dev:8848#1573046654490#1


2019-11-06 21:24:29,458 INFO receive config info: unknown#nacos-dev:8848#1573046669458#1


2019-11-06 21:24:44,459 INFO receive config info: unknown#nacos-dev:8848#1573046684459#1


2019-11-06 21:24:57,852 INFO [HEALTH-CHECK] health check is true

2019-11-06 21:24:59,426 INFO receive config info: unknown#nacos-dev:8848#1573046699426#1


2019-11-06 21:25:14,429 INFO receive config info: unknown#nacos-dev:8848#1573046714429#1


2019-11-06 21:25:29,398 INFO receive config info: unknown#nacos-dev:8848#1573046729398#1


2019-11-06 21:27:01,805 INFO listen for service meta change

2019-11-06 21:27:07,216 INFO [SERVER-INIT] got port: 8848

2019-11-06 21:27:07,216 INFO [SERVER-INIT] got path: /nacos

2019-11-06 21:27:21,587 INFO receive config info: unknown#nacos-dev:8848#1573046841587#1


2019-11-06 21:27:21,588 INFO [NACOS-DISTRO] healthy server list changed, disable health check for 60000 ms from now on, old: [], new: [{"adWeight":0,"alive":true,"ip":"nacos-dev","key":"nacos-dev:8848","lastRefTime":1573046841587,"lastRefTimeStr":"2019-11-06 21:27:21","servePort":8848,"site":"unknown","weight":1}]

2019-11-06 21:27:35,259 INFO [HEALTH-CHECK] health check is false

2019-11-06 21:27:36,556 INFO receive config info: unknown#nacos-dev:8848#1573046856556#1


2019-11-06 21:27:51,557 INFO receive config info: unknown#nacos-dev:8848#1573046871557#1


2019-11-06 21:28:06,525 INFO receive config info: unknown#nacos-dev:8848#1573046886525#1


2019-11-06 21:28:21,527 INFO receive config info: unknown#nacos-dev:8848#1573046901526#1


2019-11-06 21:28:36,494 INFO receive config info: unknown#nacos-dev:8848#1573046916494#1


2019-11-06 21:28:36,495 INFO [NACOS-DISTRO] distro threshold restored and stable now, enable health check. current ratio: 1.0

2019-11-06 21:28:51,498 INFO receive config info: unknown#nacos-dev:8848#1573046931498#1


2019-11-06 21:29:06,466 INFO receive config info: unknown#nacos-dev:8848#1573046946466#1


2019-11-06 21:29:21,468 INFO receive config info: unknown#nacos-dev:8848#1573046961468#1


2019-11-06 21:29:36,436 INFO receive config info: unknown#nacos-dev:8848#1573046976436#1


2019-11-06 21:29:51,437 INFO receive config info: unknown#nacos-dev:8848#1573046991437#1


2019-11-06 21:30:06,406 INFO receive config info: unknown#nacos-dev:8848#1573047006406#1


2019-11-06 21:30:21,408 INFO receive config info: unknown#nacos-dev:8848#1573047021408#1


2019-11-06 21:30:36,375 INFO receive config info: unknown#nacos-dev:8848#1573047036375#1


2019-11-06 21:30:51,376 INFO receive config info: unknown#nacos-dev:8848#1573047051376#1


2019-11-06 21:31:06,343 INFO receive config info: unknown#nacos-dev:8848#1573047066343#1


2019-11-06 21:31:21,345 INFO receive config info: unknown#nacos-dev:8848#1573047081345#1


2019-11-06 21:31:36,311 INFO receive config info: unknown#nacos-dev:8848#1573047096311#1


2019-11-06 21:31:51,312 INFO receive config info: unknown#nacos-dev:8848#1573047111312#1


2019-11-06 21:32:06,278 INFO receive config info: unknown#nacos-dev:8848#1573047126278#1


2019-11-06 21:32:21,281 INFO receive config info: unknown#nacos-dev:8848#1573047141281#1


2019-11-06 21:32:34,919 INFO [HEALTH-CHECK] health check is true

2019-11-06 21:32:36,249 INFO receive config info: unknown#nacos-dev:8848#1573047156249#1


2019-11-06 21:32:51,250 INFO receive config info: unknown#nacos-dev:8848#1573047171250#1


2019-11-06 21:33:06,218 INFO receive config info: unknown#nacos-dev:8848#1573047186218#1


2019-11-06 21:33:21,220 INFO receive config info: unknown#nacos-dev:8848#1573047201220#1


2019-11-06 21:33:36,188 INFO receive config info: unknown#nacos-dev:8848#1573047216188#1


2019-11-06 21:35:04,543 INFO listen for service meta change

2019-11-06 21:35:11,678 INFO [SERVER-INIT] got port: 8848

2019-11-06 21:35:11,679 INFO [SERVER-INIT] got path: /nacos

2019-11-06 21:35:24,188 INFO receive config info: unknown#nacos-dev:8848#1573047324188#1


2019-11-06 21:35:24,190 INFO [NACOS-DISTRO] healthy server list changed, disable health check for 60000 ms from now on, old: [], new: [{"adWeight":0,"alive":true,"ip":"nacos-dev","key":"nacos-dev:8848","lastRefTime":1573047324188,"lastRefTimeStr":"2019-11-06 21:35:24","servePort":8848,"site":"unknown","weight":1}]

2019-11-06 21:35:39,158 INFO receive config info: unknown#nacos-dev:8848#1573047339158#1


2019-11-06 21:35:39,178 INFO [HEALTH-CHECK] health check is false

2019-11-06 21:35:54,160 INFO receive config info: unknown#nacos-dev:8848#1573047354160#1


2019-11-06 21:36:09,129 INFO receive config info: unknown#nacos-dev:8848#1573047369129#1


2019-11-06 21:39:17,396 INFO listen for service meta change

2019-11-06 21:39:24,552 INFO [SERVER-INIT] got port: 8848

2019-11-06 21:39:24,552 INFO [SERVER-INIT] got path: /nacos

2019-11-06 21:39:37,059 INFO receive config info: unknown#nacos-dev:8848#1573047577059#1


2019-11-06 21:39:37,060 INFO [NACOS-DISTRO] healthy server list changed, disable health check for 60000 ms from now on, old: [], new: [{"adWeight":0,"alive":true,"ip":"nacos-dev","key":"nacos-dev:8848","lastRefTime":1573047577059,"lastRefTimeStr":"2019-11-06 21:39:37","servePort":8848,"site":"unknown","weight":1}]

2019-11-06 21:39:52,007 INFO [HEALTH-CHECK] health check is false

2019-11-06 21:39:52,061 INFO receive config info: unknown#nacos-dev:8848#1573047592061#1


2019-11-06 21:40:07,028 INFO receive config info: unknown#nacos-dev:8848#1573047607028#1


2019-11-06 21:40:22,029 INFO receive config info: unknown#nacos-dev:8848#1573047622029#1


2019-11-06 21:40:36,996 INFO receive config info: unknown#nacos-dev:8848#1573047636996#1


2019-11-06 21:40:51,998 INFO receive config info: unknown#nacos-dev:8848#1573047651998#1


2019-11-06 21:40:51,999 INFO [NACOS-DISTRO] distro threshold restored and stable now, enable health check. current ratio: 1.0

2019-11-06 21:41:06,964 INFO receive config info: unknown#nacos-dev:8848#1573047666964#1


2019-11-06 21:41:21,966 INFO receive config info: unknown#nacos-dev:8848#1573047681966#1


2019-11-06 21:41:36,932 INFO receive config info: unknown#nacos-dev:8848#1573047696932#1


2019-11-06 21:41:51,934 INFO receive config info: unknown#nacos-dev:8848#1573047711934#1


2019-11-06 21:42:06,901 INFO receive config info: unknown#nacos-dev:8848#1573047726901#1


2019-11-06 21:42:21,903 INFO receive config info: unknown#nacos-dev:8848#1573047741903#1


2019-11-06 21:42:36,870 INFO receive config info: unknown#nacos-dev:8848#1573047756870#1


2019-11-06 21:42:51,871 INFO receive config info: unknown#nacos-dev:8848#1573047771871#1


2019-11-06 21:43:06,836 INFO receive config info: unknown#nacos-dev:8848#1573047786836#1


2019-11-06 21:43:21,837 INFO receive config info: unknown#nacos-dev:8848#1573047801837#1


2019-11-06 21:43:36,803 INFO receive config info: unknown#nacos-dev:8848#1573047816803#1


2019-11-06 21:43:51,804 INFO receive config info: unknown#nacos-dev:8848#1573047831804#1


2019-11-06 21:44:06,772 INFO receive config info: unknown#nacos-dev:8848#1573047846772#1


2019-11-06 21:44:21,773 INFO receive config info: unknown#nacos-dev:8848#1573047861773#1


2019-11-06 21:44:36,741 INFO receive config info: unknown#nacos-dev:8848#1573047876740#1


2019-11-06 21:44:51,662 INFO [HEALTH-CHECK] health check is true

2019-11-06 21:44:51,742 INFO receive config info: unknown#nacos-dev:8848#1573047891742#1


2019-11-06 21:45:06,710 INFO receive config info: unknown#nacos-dev:8848#1573047906709#1


2019-11-06 21:45:21,711 INFO receive config info: unknown#nacos-dev:8848#1573047921711#1


2019-11-06 21:45:36,682 INFO receive config info: unknown#nacos-dev:8848#1573047936682#1


2019-11-06 21:45:51,683 INFO receive config info: unknown#nacos-dev:8848#1573047951683#1


2019-11-06 21:46:06,649 INFO receive config info: unknown#nacos-dev:8848#1573047966649#1


2019-11-06 21:46:21,650 INFO receive config info: unknown#nacos-dev:8848#1573047981650#1


2019-11-06 21:46:36,616 INFO receive config info: unknown#nacos-dev:8848#1573047996616#1


2019-11-06 21:46:51,617 INFO receive config info: unknown#nacos-dev:8848#1573048011617#1


2019-11-06 21:47:06,584 INFO receive config info: unknown#nacos-dev:8848#1573048026584#1


2019-11-06 21:47:21,585 INFO receive config info: unknown#nacos-dev:8848#1573048041585#1


2019-11-06 21:47:36,553 INFO receive config info: unknown#nacos-dev:8848#1573048056553#1


2019-11-06 21:47:51,555 INFO receive config info: unknown#nacos-dev:8848#1573048071555#1


2019-11-06 21:48:06,523 INFO receive config info: unknown#nacos-dev:8848#1573048086523#1


2019-11-06 21:48:21,525 INFO receive config info: unknown#nacos-dev:8848#1573048101525#1


2019-11-06 21:48:36,492 INFO receive config info: unknown#nacos-dev:8848#1573048116492#1


2019-11-06 21:48:51,493 INFO receive config info: unknown#nacos-dev:8848#1573048131493#1


2019-11-06 21:49:06,461 INFO receive config info: unknown#nacos-dev:8848#1573048146461#1


2019-11-06 21:49:21,462 INFO receive config info: unknown#nacos-dev:8848#1573048161462#1


2019-11-06 21:49:36,429 INFO receive config info: unknown#nacos-dev:8848#1573048176429#1


2019-11-06 21:49:51,324 INFO [HEALTH-CHECK] health check is true

2019-11-06 21:49:51,430 INFO receive config info: unknown#nacos-dev:8848#1573048191430#1


2019-11-06 21:50:06,397 INFO receive config info: unknown#nacos-dev:8848#1573048206397#1


2019-11-06 21:50:21,399 INFO receive config info: unknown#nacos-dev:8848#1573048221399#1


2019-11-06 21:50:36,364 INFO receive config info: unknown#nacos-dev:8848#1573048236364#1


2019-11-06 21:50:51,365 INFO receive config info: unknown#nacos-dev:8848#1573048251365#1


2019-11-06 21:51:06,331 INFO receive config info: unknown#nacos-dev:8848#1573048266331#1


2019-11-06 21:51:21,333 INFO receive config info: unknown#nacos-dev:8848#1573048281333#1


2019-11-06 21:51:36,301 INFO receive config info: unknown#nacos-dev:8848#1573048296301#1


2019-11-06 21:51:51,302 INFO receive config info: unknown#nacos-dev:8848#1573048311302#1


2019-11-06 21:52:06,269 INFO receive config info: unknown#nacos-dev:8848#1573048326269#1


2019-11-06 21:52:21,271 INFO receive config info: unknown#nacos-dev:8848#1573048341271#1


2019-11-06 21:52:36,238 INFO receive config info: unknown#nacos-dev:8848#1573048356238#1


2019-11-06 21:52:51,239 INFO receive config info: unknown#nacos-dev:8848#1573048371239#1


2019-11-06 21:53:06,207 INFO receive config info: unknown#nacos-dev:8848#1573048386207#1


