
         ,--.
       ,--.'|
   ,--,:  : |                                           Nacos 1.1.0
,`--.'`|  ' :                       ,---.               Running in stand alone mode, All function modules
|   :  :  | |                      '   ,'\   .--.--.    Port: 8848
:   |   \ | :  ,--.--.     ,---.  /   /   | /  /    '   Pid: 23
|   : '  '; | /       \   /     \.   ; ,. :|  :  /`./   Console: http://nacos-dev:8848/nacos/index.html
'   ' ;.    ;.--.  .-. | /    / ''   | |: :|  :  ;_
|   | | \   | \__\/: . ..    ' / '   | .; : \  \    `.      https://nacos.io
'   : |  ; .' ," .--.; |'   ; :__|   :    |  `----.   \
|   | '`--'  /  /  ,.  |'   | '.'|\   \  /  /  /`--'  /
'   : |     ;  :   .'   \   :    : `----'  '--'.     /
;   |.'     |  ,     .-./\   \  /            `--'---'
'---'        `--`---'     `----'

2019-11-06 21:39:15,263 INFO Bean 'org.springframework.security.config.annotation.configuration.ObjectPostProcessorConfiguration' of type [org.springframework.security.config.annotation.configuration.ObjectPostProcessorConfiguration$$EnhancerBySpringCGLIB$$43dbdb21] is not eligible for getting processed by all BeanPostProcessors (for example: not eligible for auto-proxying)

2019-11-06 21:39:15,499 INFO Bean 'objectPostProcessor' of type [org.springframework.security.config.annotation.configuration.AutowireBeanFactoryObjectPostProcessor] is not eligible for getting processed by all BeanPostProcessors (for example: not eligible for auto-proxying)

2019-11-06 21:39:15,507 INFO Bean 'org.springframework.security.access.expression.method.DefaultMethodSecurityExpressionHandler@70cf32e3' of type [org.springframework.security.access.expression.method.DefaultMethodSecurityExpressionHandler] is not eligible for getting processed by all BeanPostProcessors (for example: not eligible for auto-proxying)

2019-11-06 21:39:15,513 INFO Bean 'org.springframework.security.config.annotation.method.configuration.GlobalMethodSecurityConfiguration' of type [org.springframework.security.config.annotation.method.configuration.GlobalMethodSecurityConfiguration$$EnhancerBySpringCGLIB$$68b07dd3] is not eligible for getting processed by all BeanPostProcessors (for example: not eligible for auto-proxying)

2019-11-06 21:39:15,524 INFO Bean 'methodSecurityMetadataSource' of type [org.springframework.security.access.method.DelegatingMethodSecurityMetadataSource] is not eligible for getting processed by all BeanPostProcessors (for example: not eligible for auto-proxying)

2019-11-06 21:39:16,670 INFO Tomcat initialized with port(s): 8848 (http)

2019-11-06 21:39:17,018 INFO Root WebApplicationContext: initialization completed in 5322 ms

2019-11-06 21:39:22,777 INFO Initializing ExecutorService 'applicationTaskExecutor'

2019-11-06 21:39:23,334 INFO Adding welcome page: class path resource [static/index.html]

2019-11-06 21:39:24,071 INFO Creating filter chain: Ant [pattern='/'], []

2019-11-06 21:39:24,081 INFO Creating filter chain: Ant [pattern='/**/*.css'], []

2019-11-06 21:39:24,087 INFO Creating filter chain: Ant [pattern='/**/*.js'], []

2019-11-06 21:39:24,091 INFO Creating filter chain: Ant [pattern='/**/*.html'], []

2019-11-06 21:39:24,098 INFO Creating filter chain: Ant [pattern='/**/*.map'], []

2019-11-06 21:39:24,099 INFO Creating filter chain: Ant [pattern='/**/*.svg'], []

2019-11-06 21:39:24,100 INFO Creating filter chain: Ant [pattern='/**/*.png'], []

2019-11-06 21:39:24,102 INFO Creating filter chain: Ant [pattern='/**/*.ico'], []

2019-11-06 21:39:24,104 INFO Creating filter chain: Ant [pattern='/console-fe/public/**'], []

2019-11-06 21:39:24,105 INFO Creating filter chain: Ant [pattern='/v1/auth/login'], []

2019-11-06 21:39:24,106 INFO Creating filter chain: Ant [pattern='/v1/console/health/**'], []

2019-11-06 21:39:24,107 INFO Creating filter chain: Ant [pattern='/v1/cs/**'], []

2019-11-06 21:39:24,108 INFO Creating filter chain: Ant [pattern='/v1/ns/**'], []

2019-11-06 21:39:24,108 INFO Creating filter chain: Ant [pattern='/v1/cmdb/**'], []

2019-11-06 21:39:24,109 INFO Creating filter chain: Ant [pattern='/actuator/**'], []

2019-11-06 21:39:24,110 INFO Creating filter chain: Ant [pattern='/v1/console/server/**'], []

2019-11-06 21:39:24,192 INFO Creating filter chain: any request, [org.springframework.security.web.context.request.async.WebAsyncManagerIntegrationFilter@35fe2125, org.springframework.security.web.context.SecurityContextPersistenceFilter@1849db1a, org.springframework.security.web.header.HeaderWriterFilter@60fa3495, org.springframework.security.web.authentication.logout.LogoutFilter@6865c751, com.alibaba.nacos.console.filter.JwtAuthenticationTokenFilter@94f6bfb, org.springframework.security.web.savedrequest.RequestCacheAwareFilter@1ca25c47, org.springframework.security.web.servletapi.SecurityContextHolderAwareRequestFilter@6d1d4d7, org.springframework.security.web.authentication.AnonymousAuthenticationFilter@34645867, org.springframework.security.web.session.SessionManagementFilter@79e18e38, org.springframework.security.web.access.ExceptionTranslationFilter@6a62689d, org.springframework.security.web.access.intercept.FilterSecurityInterceptor@2cf23c81]

2019-11-06 21:39:24,268 INFO Exposing 16 endpoint(s) beneath base path '/actuator'

2019-11-06 21:39:24,343 INFO Initializing ExecutorService 'taskScheduler'

2019-11-06 21:39:24,548 INFO Tomcat started on port(s): 8848 (http) with context path '/nacos'

2019-11-06 21:39:24,559 INFO Nacos Log files: /home/nacos/logs/

2019-11-06 21:39:24,560 INFO Nacos Conf files: /home/nacos/conf/

2019-11-06 21:39:24,561 INFO Nacos Data files: /home/nacos/data/

2019-11-06 21:39:24,562 INFO Nacos started successfully in stand alone mode.

2019-11-06 21:39:26,799 INFO Initializing Servlet 'dispatcherServlet'

2019-11-06 21:39:26,830 INFO Completed initialization in 30 ms

